Frame 0
Distance between hexbug 0 and 0: 299.10080581052694   Points recived : 1    Hexbug on Fire: False with multiplicator x0
Score: 1

Frame 1
Distance between hexbug 0 and 0: 294.7756014980655   Points recived : 1    Hexbug on Fire: True with multiplicator x1
Score: 2

Frame 2
Distance between hexbug 0 and 0: 237.6190161308082   Points recived : 1    Hexbug on Fire: True with multiplicator x1
Score: 3

Frame 3
Distance between hexbug 0 and 0: 152.0758200256804   Points recived : 1    Hexbug on Fire: True with multiplicator x1
Score: 4

Frame 4
Distance between hexbug 0 and 0: 92.62599517782006   Points recived : 1    Hexbug on Fire: True with multiplicator x1
Score: 5

Frame 5
Distance between hexbug 0 and 0: 62.86817729299142   Points recived : 1    Hexbug on Fire: True with multiplicator x1
Score: 6

Frame 6
Distance between hexbug 0 and 0: 99.95930101001828   Points recived : 1    Hexbug on Fire: True with multiplicator x1
Score: 7

Frame 7
Distance between hexbug 0 and 0: 88.19692610921716   Points recived : 1    Hexbug on Fire: True with multiplicator x1
Score: 8

Frame 8
Distance between hexbug 0 and 0: 101.51799159470092   Points recived : 1    Hexbug on Fire: True with multiplicator x1
Score: 9

Frame 9
Distance between hexbug 0 and 0: 128.42792999341617   Points recived : 1    Hexbug on Fire: True with multiplicator x1
Score: 10

Frame 10
Distance between hexbug 0 and 0: 179.09371248164936   Points recived : 1    Hexbug on Fire: True with multiplicator x1
Score: 11

Frame 11
Distance between hexbug 0 and 0: 225.9721294946683   Points recived : 1    Hexbug on Fire: True with multiplicator x1
Score: 12

Frame 12
Distance between hexbug 0 and 0: 257.54958408595684   Points recived : 1    Hexbug on Fire: True with multiplicator x1
Score: 13

Frame 13
Distance between hexbug 0 and 0: 313.16785961924154   Points recived : 1    Hexbug on Fire: True with multiplicator x1
Score: 14

Frame 14
Distance between hexbug 0 and 0: 370.4037224391109   Points recived : 1    Hexbug on Fire: True with multiplicator x1
Score: 15

Frame 15
Distance between hexbug 0 and 0: 437.37021600154185   Points recived : 1    Hexbug on Fire: True with multiplicator x1
Score: 16

Frame 16
Distance between hexbug 0 and 0: 517.876374991269   Points recived : 1    Hexbug on Fire: True with multiplicator x1
Score: 17

Frame 17
Distance between hexbug 0 and 0: 607.0168216569041   Points recived : 1    Hexbug on Fire: True with multiplicator x1
Score: 18

Frame 18
Distance between hexbug 0 and 0: 688.1322654484644   Points recived : 1    Hexbug on Fire: True with multiplicator x1
Score: 19

Frame 19
Distance between hexbug 0 and 0: 741.3853198069502   Points recived : 1    Hexbug on Fire: True with multiplicator x1
Score: 20

Frame 20
Distance between hexbug 0 and 0: 752.1645061241313   Points recived : 1    Hexbug on Fire: True with multiplicator x1
Score: 21

Frame 21
Distance between hexbug 0 and 0: 778.0621552740446   Points recived : 2    Hexbug on Fire: True with multiplicator x2
Score: 23

Frame 22
Distance between hexbug 0 and 0: 811.6622446153339   Points recived : 2    Hexbug on Fire: True with multiplicator x2
Score: 25

Frame 23
Distance between hexbug 0 and 0: 838.2253481046463   Points recived : 2    Hexbug on Fire: True with multiplicator x2
Score: 27

Frame 24
Distance between hexbug 0 and 0: 874.2880638436086   Points recived : 2    Hexbug on Fire: True with multiplicator x2
Score: 29

Frame 25
Distance between hexbug 0 and 0: 914.3320524209256   Points recived : 2    Hexbug on Fire: True with multiplicator x2
Score: 31

Frame 26
Distance between hexbug 0 and 0: 942.6266217791682   Points recived : 2    Hexbug on Fire: True with multiplicator x2
Score: 33

Frame 27
Distance between hexbug 0 and 0: 991.3917787169798   Points recived : 2    Hexbug on Fire: True with multiplicator x2
Score: 35

Frame 28
Distance between hexbug 0 and 0: 1065.819311918789   Points recived : 2    Hexbug on Fire: True with multiplicator x2
Score: 37

Frame 29
Distance between hexbug 0 and 0: 1140.9226855204477   Points recived : 2    Hexbug on Fire: True with multiplicator x2
Score: 39

Frame 30
Distance between hexbug 0 and 0: 1214.1989802849534   Points recived : 2    Hexbug on Fire: True with multiplicator x2
Score: 41

Frame 31
Distance between hexbug 0 and 0: 1283.9861249078172   Points recived : 2    Hexbug on Fire: True with multiplicator x2
Score: 43

Frame 32
Distance between hexbug 0 and 0: 1346.9235661657954   Points recived : 2    Hexbug on Fire: True with multiplicator x2
Score: 45

Frame 33
Distance between hexbug 0 and 0: 1408.3620296673857   Points recived : 2    Hexbug on Fire: True with multiplicator x2
Score: 47

Frame 34
Distance between hexbug 0 and 0: 1380.7999040449704   Points recived : 2    Hexbug on Fire: True with multiplicator x2
Score: 49

Frame 35
Distance between hexbug 0 and 0: 1380.6824221342588   Points recived : 2    Hexbug on Fire: True with multiplicator x2
Score: 51

Frame 36
Distance between hexbug 0 and 0: 1391.2223763713719   Points recived : 2    Hexbug on Fire: True with multiplicator x2
Score: 53

Frame 37
Distance between hexbug 0 and 0: 1384.2823283003086   Points recived : 2    Hexbug on Fire: True with multiplicator x2
Score: 55

Frame 38
Distance between hexbug 0 and 0: 1384.3078166601829   Points recived : 2    Hexbug on Fire: True with multiplicator x2
Score: 57

Frame 39
Distance between hexbug 0 and 0: 1401.9121917904629   Points recived : 2    Hexbug on Fire: True with multiplicator x2
Score: 59

Frame 40
Distance between hexbug 0 and 0: 1413.725645080063   Points recived : 2    Hexbug on Fire: True with multiplicator x2
Score: 61

Frame 41
Distance between hexbug 0 and 0: 1395.0448262544696   Points recived : 3    Hexbug on Fire: True with multiplicator x3
Score: 64

Frame 42
Distance between hexbug 0 and 0: 1364.8638140165383   Points recived : 3    Hexbug on Fire: True with multiplicator x3
Score: 67

Frame 43
Distance between hexbug 0 and 0: 1301.4598790917325   Points recived : 3    Hexbug on Fire: True with multiplicator x3
Score: 70

Frame 44
Distance between hexbug 0 and 0: 1275.4650304382544   Points recived : 3    Hexbug on Fire: True with multiplicator x3
Score: 73

Frame 45
Distance between hexbug 0 and 0: 1293.9576025483382   Points recived : 3    Hexbug on Fire: True with multiplicator x3
Score: 76

Frame 46
Distance between hexbug 0 and 0: 1276.7684460340083   Points recived : 3    Hexbug on Fire: True with multiplicator x3
Score: 79

Frame 47
Distance between hexbug 0 and 0: 1235.5376550156834   Points recived : 3    Hexbug on Fire: True with multiplicator x3
Score: 82

Frame 48
Distance between hexbug 0 and 0: 1242.692574856385   Points recived : 3    Hexbug on Fire: True with multiplicator x3
Score: 85

Frame 49
Distance between hexbug 0 and 0: 1235.59650205442   Points recived : 3    Hexbug on Fire: True with multiplicator x3
Score: 88

Frame 50
Distance between hexbug 0 and 0: 1233.2593624209496   Points recived : 3    Hexbug on Fire: True with multiplicator x3
Score: 91

Frame 51
Distance between hexbug 0 and 0: 1242.6353071773979   Points recived : 3    Hexbug on Fire: True with multiplicator x3
Score: 94

Frame 52
Distance between hexbug 0 and 0: 1232.9319498011973   Points recived : 3    Hexbug on Fire: True with multiplicator x3
Score: 97

Frame 53
Distance between hexbug 0 and 0: 1221.5464078316256   Points recived : 3    Hexbug on Fire: True with multiplicator x3
Score: 100

Frame 54
Distance between hexbug 0 and 0: 1213.6213704069428   Points recived : 3    Hexbug on Fire: True with multiplicator x3
Score: 103

Frame 55
Distance between hexbug 0 and 0: 1187.8236014054417   Points recived : 3    Hexbug on Fire: True with multiplicator x3
Score: 106

Frame 56
Distance between hexbug 0 and 0: 1183.7433707222613   Points recived : 3    Hexbug on Fire: True with multiplicator x3
Score: 109

Frame 57
Distance between hexbug 0 and 0: 1128.3486030146526   Points recived : 3    Hexbug on Fire: True with multiplicator x3
Score: 112

Frame 58
Distance between hexbug 0 and 0: 1063.9853776136022   Points recived : 3    Hexbug on Fire: True with multiplicator x3
Score: 115

Frame 59
Distance between hexbug 0 and 0: 982.9031137768644   Points recived : 3    Hexbug on Fire: True with multiplicator x3
Score: 118

Frame 60
Distance between hexbug 0 and 0: 917.6379024239312   Points recived : 3    Hexbug on Fire: True with multiplicator x3
Score: 121

Frame 61
Distance between hexbug 0 and 0: 849.7232915976648   Points recived : 4    Hexbug on Fire: True with multiplicator x4
Score: 125

Frame 62
Distance between hexbug 0 and 0: 801.313541846052   Points recived : 4    Hexbug on Fire: True with multiplicator x4
Score: 129

Frame 63
Distance between hexbug 0 and 0: 761.1448102373951   Points recived : 4    Hexbug on Fire: True with multiplicator x4
Score: 133

Frame 64
Distance between hexbug 0 and 0: 698.7623281845873   Points recived : 4    Hexbug on Fire: True with multiplicator x4
Score: 137

Frame 65
Distance between hexbug 0 and 0: 630.7916579079082   Points recived : 4    Hexbug on Fire: True with multiplicator x4
Score: 141

Frame 66
Distance between hexbug 0 and 0: 556.4400897397531   Points recived : 4    Hexbug on Fire: True with multiplicator x4
Score: 145

Frame 67
Distance between hexbug 0 and 0: 473.39400514119444   Points recived : 4    Hexbug on Fire: True with multiplicator x4
Score: 149

Frame 68
Distance between hexbug 0 and 0: 394.8824957799935   Points recived : 4    Hexbug on Fire: True with multiplicator x4
Score: 153

Frame 69
Distance between hexbug 0 and 0: 380.97476257718625   Points recived : 4    Hexbug on Fire: True with multiplicator x4
Score: 157

Frame 70
Distance between hexbug 0 and 0: 282.55632395628686   Points recived : 4    Hexbug on Fire: True with multiplicator x4
Score: 161

Frame 71
Distance between hexbug 0 and 0: 197.1230622517109   Points recived : 4    Hexbug on Fire: True with multiplicator x4
Score: 165

Frame 72
Distance between hexbug 0 and 0: 94.65766765174465   Points recived : 4    Hexbug on Fire: True with multiplicator x4
Score: 169

Frame 73
Distance between hexbug 0 and 0: 86.27686278976834   Points recived : 4    Hexbug on Fire: True with multiplicator x4
Score: 173

Frame 74
Distance between hexbug 0 and 0: 165.99882808754919   Points recived : 4    Hexbug on Fire: True with multiplicator x4
Score: 177

Frame 75
Distance between hexbug 0 and 0: 245.70057069241366   Points recived : 4    Hexbug on Fire: True with multiplicator x4
Score: 181

Frame 76
Distance between hexbug 0 and 0: 359.5183905013803   Points recived : 4    Hexbug on Fire: True with multiplicator x4
Score: 185

Frame 77
Distance between hexbug 0 and 0: 483.723091537085   Points recived : 4    Hexbug on Fire: True with multiplicator x4
Score: 189

Frame 78
Distance between hexbug 0 and 0: 571.7533012366239   Points recived : 4    Hexbug on Fire: True with multiplicator x4
Score: 193

Frame 79
Distance between hexbug 0 and 0: 690.0791289594894   Points recived : 4    Hexbug on Fire: True with multiplicator x4
Score: 197

Frame 80
Distance between hexbug 0 and 0: 797.7704692229103   Points recived : 4    Hexbug on Fire: True with multiplicator x4
Score: 201

Frame 81
Distance between hexbug 0 and 0: 898.5429567659413   Points recived : 4    Hexbug on Fire: True with multiplicator x4
Score: 205

Frame 82
Distance between hexbug 0 and 0: 996.7701018678187   Points recived : 4    Hexbug on Fire: True with multiplicator x4
Score: 209

Frame 83
Distance between hexbug 0 and 0: 1081.7965138933168   Points recived : 4    Hexbug on Fire: True with multiplicator x4
Score: 213

Frame 84
Distance between hexbug 0 and 0: 1149.9631411756159   Points recived : 4    Hexbug on Fire: True with multiplicator x4
Score: 217

Frame 85
Distance between hexbug 0 and 0: 1168.6093559110855   Points recived : 4    Hexbug on Fire: True with multiplicator x4
Score: 221

Frame 86
Distance between hexbug 0 and 0: 1300.7142506312587   Points recived : 4    Hexbug on Fire: True with multiplicator x4
Score: 225

Frame 87
Distance between hexbug 0 and 0: 1321.4045895752938   Points recived : 4    Hexbug on Fire: True with multiplicator x4
Score: 229

Frame 88
Distance between hexbug 0 and 0: 1367.1920859945299   Points recived : 4    Hexbug on Fire: True with multiplicator x4
Score: 233

Frame 89
Distance between hexbug 0 and 0: 1259.354341603089   Points recived : 4    Hexbug on Fire: True with multiplicator x4
Score: 237

Frame 90
Distance between hexbug 0 and 0: 1254.688874472717   Points recived : 4    Hexbug on Fire: True with multiplicator x4
Score: 241

Frame 91
Distance between hexbug 0 and 0: 1277.1304301381113   Points recived : 4    Hexbug on Fire: True with multiplicator x4
Score: 245

Frame 92
Distance between hexbug 0 and 0: 1251.9810034088928   Points recived : 4    Hexbug on Fire: True with multiplicator x4
Score: 249

Frame 93
Distance between hexbug 0 and 0: 1230.9155475667121   Points recived : 4    Hexbug on Fire: True with multiplicator x4
Score: 253

Frame 94
Distance between hexbug 0 and 0: 1231.0382960758961   Points recived : 4    Hexbug on Fire: True with multiplicator x4
Score: 257

Frame 95
Distance between hexbug 0 and 0: 1221.8940426818317   Points recived : 4    Hexbug on Fire: True with multiplicator x4
Score: 261

Frame 96
Distance between hexbug 0 and 0: 1233.3969817027078   Points recived : 4    Hexbug on Fire: True with multiplicator x4
Score: 265

Frame 97
Distance between hexbug 0 and 0: 1233.9488361066517   Points recived : 4    Hexbug on Fire: True with multiplicator x4
Score: 269

Frame 98
Distance between hexbug 0 and 0: 1226.7423847066923   Points recived : 4    Hexbug on Fire: True with multiplicator x4
Score: 273

Frame 99
Distance between hexbug 0 and 0: 1228.4737060231662   Points recived : 4    Hexbug on Fire: True with multiplicator x4
Score: 277

Frame 100
Distance between hexbug 0 and 0: 1200.1757561430306   Points recived : 4    Hexbug on Fire: True with multiplicator x4
Score: 281


Final score: 281
Frame 0
Distance between hexbug 0 and 0: 299.10080581052694   Points recived : 1    Hexbug on Fire: False with multiplicator x0
Score: 1

Frame 1
Distance between hexbug 0 and 0: 294.7756014980655   Points recived : 1    Hexbug on Fire: True with multiplicator x1
Score: 2

Frame 2
Distance between hexbug 0 and 0: 237.6190161308082   Points recived : 1    Hexbug on Fire: True with multiplicator x1
Score: 3

Frame 3
Distance between hexbug 0 and 0: 152.0758200256804   Points recived : 1    Hexbug on Fire: True with multiplicator x1
Score: 4

Frame 4
Distance between hexbug 0 and 0: 92.62599517782006   Points recived : 1    Hexbug on Fire: True with multiplicator x1
Score: 5

Frame 5
Distance between hexbug 0 and 0: 62.86817729299142   Points recived : 1    Hexbug on Fire: True with multiplicator x1
Score: 6

Frame 6
Distance between hexbug 0 and 0: 99.95930101001828   Points recived : 1    Hexbug on Fire: True with multiplicator x1
Score: 7

Frame 7
Distance between hexbug 0 and 0: 88.19692610921716   Points recived : 1    Hexbug on Fire: True with multiplicator x1
Score: 8

Frame 8
Distance between hexbug 0 and 0: 101.51799159470092   Points recived : 1    Hexbug on Fire: True with multiplicator x1
Score: 9

Frame 9
Distance between hexbug 0 and 0: 128.42792999341617   Points recived : 1    Hexbug on Fire: True with multiplicator x1
Score: 10

Frame 10
Distance between hexbug 0 and 0: 179.09371248164936   Points recived : 1    Hexbug on Fire: True with multiplicator x1
Score: 11

Frame 11
Distance between hexbug 0 and 0: 225.9721294946683   Points recived : 1    Hexbug on Fire: True with multiplicator x1
Score: 12

Frame 12
Distance between hexbug 0 and 0: 257.54958408595684   Points recived : 1    Hexbug on Fire: True with multiplicator x1
Score: 13

Frame 13
Distance between hexbug 0 and 0: 313.16785961924154   Points recived : 1    Hexbug on Fire: True with multiplicator x1
Score: 14

Frame 14
Distance between hexbug 0 and 0: 370.4037224391109   Points recived : 1    Hexbug on Fire: True with multiplicator x1
Score: 15

Frame 15
Distance between hexbug 0 and 0: 437.37021600154185   Points recived : 1    Hexbug on Fire: True with multiplicator x1
Score: 16

Frame 16
Distance between hexbug 0 and 0: 517.876374991269   Points recived : 1    Hexbug on Fire: True with multiplicator x1
Score: 17

Frame 17
Distance between hexbug 0 and 0: 607.0168216569041   Points recived : 1    Hexbug on Fire: True with multiplicator x1
Score: 18

Frame 18
Distance between hexbug 0 and 0: 688.1322654484644   Points recived : 1    Hexbug on Fire: True with multiplicator x1
Score: 19

Frame 19
Distance between hexbug 0 and 0: 741.3853198069502   Points recived : 1    Hexbug on Fire: True with multiplicator x1
Score: 20

Frame 20
Distance between hexbug 0 and 0: 752.1645061241313   Points recived : 1    Hexbug on Fire: True with multiplicator x1
Score: 21

Frame 21
Distance between hexbug 0 and 0: 778.0621552740446   Points recived : 2    Hexbug on Fire: True with multiplicator x2
Score: 23

Frame 22
Distance between hexbug 0 and 0: 811.6622446153339   Points recived : 2    Hexbug on Fire: True with multiplicator x2
Score: 25

Frame 23
Distance between hexbug 0 and 0: 838.2253481046463   Points recived : 2    Hexbug on Fire: True with multiplicator x2
Score: 27

Frame 24
Distance between hexbug 0 and 0: 874.2880638436086   Points recived : 2    Hexbug on Fire: True with multiplicator x2
Score: 29

Frame 25
Distance between hexbug 0 and 0: 914.3320524209256   Points recived : 2    Hexbug on Fire: True with multiplicator x2
Score: 31

Frame 26
Distance between hexbug 0 and 0: 942.6266217791682   Points recived : 2    Hexbug on Fire: True with multiplicator x2
Score: 33

Frame 27
Distance between hexbug 0 and 0: 991.3917787169798   Points recived : 2    Hexbug on Fire: True with multiplicator x2
Score: 35

Frame 28
Distance between hexbug 0 and 0: 1065.819311918789   Points recived : 2    Hexbug on Fire: True with multiplicator x2
Score: 37

Frame 29
Distance between hexbug 0 and 0: 1140.9226855204477   Points recived : 2    Hexbug on Fire: True with multiplicator x2
Score: 39

Frame 30
Distance between hexbug 0 and 0: 1214.1989802849534   Points recived : 2    Hexbug on Fire: True with multiplicator x2
Score: 41

Frame 31
Distance between hexbug 0 and 0: 1283.9861249078172   Points recived : 2    Hexbug on Fire: True with multiplicator x2
Score: 43

Frame 32
Distance between hexbug 0 and 0: 1346.9235661657954   Points recived : 2    Hexbug on Fire: True with multiplicator x2
Score: 45

Frame 33
Distance between hexbug 0 and 0: 1408.3620296673857   Points recived : 2    Hexbug on Fire: True with multiplicator x2
Score: 47

Frame 34
Distance between hexbug 0 and 0: 1380.7999040449704   Points recived : 2    Hexbug on Fire: True with multiplicator x2
Score: 49

Frame 35
Distance between hexbug 0 and 0: 1380.6824221342588   Points recived : 2    Hexbug on Fire: True with multiplicator x2
Score: 51

Frame 36
Distance between hexbug 0 and 0: 1391.2223763713719   Points recived : 2    Hexbug on Fire: True with multiplicator x2
Score: 53

Frame 37
Distance between hexbug 0 and 0: 1384.2823283003086   Points recived : 2    Hexbug on Fire: True with multiplicator x2
Score: 55

Frame 38
Distance between hexbug 0 and 0: 1384.3078166601829   Points recived : 2    Hexbug on Fire: True with multiplicator x2
Score: 57

Frame 39
Distance between hexbug 0 and 0: 1401.9121917904629   Points recived : 2    Hexbug on Fire: True with multiplicator x2
Score: 59

Frame 40
Distance between hexbug 0 and 0: 1413.725645080063   Points recived : 2    Hexbug on Fire: True with multiplicator x2
Score: 61

Frame 41
Distance between hexbug 0 and 0: 1395.0448262544696   Points recived : 3    Hexbug on Fire: True with multiplicator x3
Score: 64

Frame 42
Distance between hexbug 0 and 0: 1364.8638140165383   Points recived : 3    Hexbug on Fire: True with multiplicator x3
Score: 67

Frame 43
Distance between hexbug 0 and 0: 1301.4598790917325   Points recived : 3    Hexbug on Fire: True with multiplicator x3
Score: 70

Frame 44
Distance between hexbug 0 and 0: 1275.4650304382544   Points recived : 3    Hexbug on Fire: True with multiplicator x3
Score: 73

Frame 45
Distance between hexbug 0 and 0: 1293.9576025483382   Points recived : 3    Hexbug on Fire: True with multiplicator x3
Score: 76

Frame 46
Distance between hexbug 0 and 0: 1276.7684460340083   Points recived : 3    Hexbug on Fire: True with multiplicator x3
Score: 79

Frame 47
Distance between hexbug 0 and 0: 1235.5376550156834   Points recived : 3    Hexbug on Fire: True with multiplicator x3
Score: 82

Frame 48
Distance between hexbug 0 and 0: 1242.692574856385   Points recived : 3    Hexbug on Fire: True with multiplicator x3
Score: 85

Frame 49
Distance between hexbug 0 and 0: 1235.59650205442   Points recived : 3    Hexbug on Fire: True with multiplicator x3
Score: 88

Frame 50
Distance between hexbug 0 and 0: 1233.2593624209496   Points recived : 3    Hexbug on Fire: True with multiplicator x3
Score: 91

Frame 51
Distance between hexbug 0 and 0: 1242.6353071773979   Points recived : 3    Hexbug on Fire: True with multiplicator x3
Score: 94

Frame 52
Distance between hexbug 0 and 0: 1232.9319498011973   Points recived : 3    Hexbug on Fire: True with multiplicator x3
Score: 97

Frame 53
Distance between hexbug 0 and 0: 1221.5464078316256   Points recived : 3    Hexbug on Fire: True with multiplicator x3
Score: 100

Frame 54
Distance between hexbug 0 and 0: 1213.6213704069428   Points recived : 3    Hexbug on Fire: True with multiplicator x3
Score: 103

Frame 55
Distance between hexbug 0 and 0: 1187.8236014054417   Points recived : 3    Hexbug on Fire: True with multiplicator x3
Score: 106

Frame 56
Distance between hexbug 0 and 0: 1183.7433707222613   Points recived : 3    Hexbug on Fire: True with multiplicator x3
Score: 109

Frame 57
Distance between hexbug 0 and 0: 1128.3486030146526   Points recived : 3    Hexbug on Fire: True with multiplicator x3
Score: 112

Frame 58
Distance between hexbug 0 and 0: 1063.9853776136022   Points recived : 3    Hexbug on Fire: True with multiplicator x3
Score: 115

Frame 59
Distance between hexbug 0 and 0: 982.9031137768644   Points recived : 3    Hexbug on Fire: True with multiplicator x3
Score: 118

Frame 60
Distance between hexbug 0 and 0: 917.6379024239312   Points recived : 3    Hexbug on Fire: True with multiplicator x3
Score: 121

Frame 61
Distance between hexbug 0 and 0: 849.7232915976648   Points recived : 4    Hexbug on Fire: True with multiplicator x4
Score: 125

Frame 62
Distance between hexbug 0 and 0: 801.313541846052   Points recived : 4    Hexbug on Fire: True with multiplicator x4
Score: 129

Frame 63
Distance between hexbug 0 and 0: 761.1448102373951   Points recived : 4    Hexbug on Fire: True with multiplicator x4
Score: 133

Frame 64
Distance between hexbug 0 and 0: 698.7623281845873   Points recived : 4    Hexbug on Fire: True with multiplicator x4
Score: 137

Frame 65
Distance between hexbug 0 and 0: 630.7916579079082   Points recived : 4    Hexbug on Fire: True with multiplicator x4
Score: 141

Frame 66
Distance between hexbug 0 and 0: 556.4400897397531   Points recived : 4    Hexbug on Fire: True with multiplicator x4
Score: 145

Frame 67
Distance between hexbug 0 and 0: 473.39400514119444   Points recived : 4    Hexbug on Fire: True with multiplicator x4
Score: 149

Frame 68
Distance between hexbug 0 and 0: 394.8824957799935   Points recived : 4    Hexbug on Fire: True with multiplicator x4
Score: 153

Frame 69
Distance between hexbug 0 and 0: 380.97476257718625   Points recived : 4    Hexbug on Fire: True with multiplicator x4
Score: 157

Frame 70
Distance between hexbug 0 and 0: 282.55632395628686   Points recived : 4    Hexbug on Fire: True with multiplicator x4
Score: 161

Frame 71
Distance between hexbug 0 and 0: 197.1230622517109   Points recived : 4    Hexbug on Fire: True with multiplicator x4
Score: 165

Frame 72
Distance between hexbug 0 and 0: 94.65766765174465   Points recived : 4    Hexbug on Fire: True with multiplicator x4
Score: 169

Frame 73
Distance between hexbug 0 and 0: 86.27686278976834   Points recived : 4    Hexbug on Fire: True with multiplicator x4
Score: 173

Frame 74
Distance between hexbug 0 and 0: 165.99882808754919   Points recived : 4    Hexbug on Fire: True with multiplicator x4
Score: 177

Frame 75
Distance between hexbug 0 and 0: 245.70057069241366   Points recived : 4    Hexbug on Fire: True with multiplicator x4
Score: 181

Frame 76
Distance between hexbug 0 and 0: 359.5183905013803   Points recived : 4    Hexbug on Fire: True with multiplicator x4
Score: 185

Frame 77
Distance between hexbug 0 and 0: 483.723091537085   Points recived : 4    Hexbug on Fire: True with multiplicator x4
Score: 189

Frame 78
Distance between hexbug 0 and 0: 571.7533012366239   Points recived : 4    Hexbug on Fire: True with multiplicator x4
Score: 193

Frame 79
Distance between hexbug 0 and 0: 690.0791289594894   Points recived : 4    Hexbug on Fire: True with multiplicator x4
Score: 197

Frame 80
Distance between hexbug 0 and 0: 797.7704692229103   Points recived : 4    Hexbug on Fire: True with multiplicator x4
Score: 201

Frame 81
Distance between hexbug 0 and 0: 898.5429567659413   Points recived : 4    Hexbug on Fire: True with multiplicator x4
Score: 205

Frame 82
Distance between hexbug 0 and 0: 996.7701018678187   Points recived : 4    Hexbug on Fire: True with multiplicator x4
Score: 209

Frame 83
Distance between hexbug 0 and 0: 1081.7965138933168   Points recived : 4    Hexbug on Fire: True with multiplicator x4
Score: 213

Frame 84
Distance between hexbug 0 and 0: 1149.9631411756159   Points recived : 4    Hexbug on Fire: True with multiplicator x4
Score: 217

Frame 85
Distance between hexbug 0 and 0: 1168.6093559110855   Points recived : 4    Hexbug on Fire: True with multiplicator x4
Score: 221

Frame 86
Distance between hexbug 0 and 0: 1300.7142506312587   Points recived : 4    Hexbug on Fire: True with multiplicator x4
Score: 225

Frame 87
Distance between hexbug 0 and 0: 1321.4045895752938   Points recived : 4    Hexbug on Fire: True with multiplicator x4
Score: 229

Frame 88
Distance between hexbug 0 and 0: 1367.1920859945299   Points recived : 4    Hexbug on Fire: True with multiplicator x4
Score: 233

Frame 89
Distance between hexbug 0 and 0: 1259.354341603089   Points recived : 4    Hexbug on Fire: True with multiplicator x4
Score: 237

Frame 90
Distance between hexbug 0 and 0: 1254.688874472717   Points recived : 4    Hexbug on Fire: True with multiplicator x4
Score: 241

Frame 91
Distance between hexbug 0 and 0: 1277.1304301381113   Points recived : 4    Hexbug on Fire: True with multiplicator x4
Score: 245

Frame 92
Distance between hexbug 0 and 0: 1251.9810034088928   Points recived : 4    Hexbug on Fire: True with multiplicator x4
Score: 249

Frame 93
Distance between hexbug 0 and 0: 1230.9155475667121   Points recived : 4    Hexbug on Fire: True with multiplicator x4
Score: 253

Frame 94
Distance between hexbug 0 and 0: 1231.0382960758961   Points recived : 4    Hexbug on Fire: True with multiplicator x4
Score: 257

Frame 95
Distance between hexbug 0 and 0: 1221.8940426818317   Points recived : 4    Hexbug on Fire: True with multiplicator x4
Score: 261

Frame 96
Distance between hexbug 0 and 0: 1233.3969817027078   Points recived : 4    Hexbug on Fire: True with multiplicator x4
Score: 265

Frame 97
Distance between hexbug 0 and 0: 1233.9488361066517   Points recived : 4    Hexbug on Fire: True with multiplicator x4
Score: 269

Frame 98
Distance between hexbug 0 and 0: 1226.7423847066923   Points recived : 4    Hexbug on Fire: True with multiplicator x4
Score: 273

Frame 99
Distance between hexbug 0 and 0: 1228.4737060231662   Points recived : 4    Hexbug on Fire: True with multiplicator x4
Score: 277

Frame 100
Distance between hexbug 0 and 0: 1200.1757561430306   Points recived : 4    Hexbug on Fire: True with multiplicator x4
Score: 281


Final score: 281
Frame 0
Distance between hexbug 0 and 0: 100.27908588190726   Points recived : 1    Hexbug on Fire: False with multiplicator x0
Score: 1

Frame 1
Distance between hexbug 0 and 0: 105.25323821691434   Points recived : 1    Hexbug on Fire: True with multiplicator x1
Score: 2

Frame 2
Distance between hexbug 0 and 0: 69.75303362937524   Points recived : 1    Hexbug on Fire: True with multiplicator x1
Score: 3

Frame 3
Distance between hexbug 0 and 0: 90.73074173056554   Points recived : 1    Hexbug on Fire: True with multiplicator x1
Score: 4

Frame 4
Distance between hexbug 0 and 0: 150.67979006230465   Points recived : 1    Hexbug on Fire: True with multiplicator x1
Score: 5

Frame 5
Distance between hexbug 0 and 0: 224.33274712870858   Points recived : 1    Hexbug on Fire: True with multiplicator x1
Score: 6

Frame 6
Distance between hexbug 0 and 0: 283.7185488237735   Points recived : 1    Hexbug on Fire: True with multiplicator x1
Score: 7

Frame 7
Distance between hexbug 0 and 0: 291.0292401532632   Points recived : 1    Hexbug on Fire: True with multiplicator x1
Score: 8

Frame 8
Distance between hexbug 0 and 0: 298.47122745235146   Points recived : 1    Hexbug on Fire: True with multiplicator x1
Score: 9

Frame 9
Distance between hexbug 0 and 0: 339.46818049035653   Points recived : 1    Hexbug on Fire: True with multiplicator x1
Score: 10

Frame 10
Distance between hexbug 0 and 0: 383.76973974209903   Points recived : 1    Hexbug on Fire: True with multiplicator x1
Score: 11

Frame 11
Distance between hexbug 0 and 0: 437.36371364675756   Points recived : 1    Hexbug on Fire: True with multiplicator x1
Score: 12

Frame 12
Distance between hexbug 0 and 0: 467.98088566568424   Points recived : 1    Hexbug on Fire: True with multiplicator x1
Score: 13

Frame 13
Distance between hexbug 0 and 0: 519.8850094784901   Points recived : 1    Hexbug on Fire: True with multiplicator x1
Score: 14

Frame 14
Distance between hexbug 0 and 0: 568.6751961035465   Points recived : 1    Hexbug on Fire: True with multiplicator x1
Score: 15

Frame 15
Distance between hexbug 0 and 0: 627.5659895880442   Points recived : 1    Hexbug on Fire: True with multiplicator x1
Score: 16

Frame 16
Distance between hexbug 0 and 0: 704.885371098362   Points recived : 1    Hexbug on Fire: True with multiplicator x1
Score: 17

Frame 17
Distance between hexbug 0 and 0: 796.8429758429236   Points recived : 1    Hexbug on Fire: True with multiplicator x1
Score: 18

Frame 18
Distance between hexbug 0 and 0: 880.898662843529   Points recived : 1    Hexbug on Fire: True with multiplicator x1
Score: 19

Frame 19
Distance between hexbug 0 and 0: 930.8699577814197   Points recived : 1    Hexbug on Fire: True with multiplicator x1
Score: 20

Frame 20
Distance between hexbug 0 and 0: 934.8212559982669   Points recived : 1    Hexbug on Fire: True with multiplicator x1
Score: 21

Frame 21
Distance between hexbug 0 and 0: 946.6347292311007   Points recived : 2    Hexbug on Fire: True with multiplicator x2
Score: 23

Frame 22
Distance between hexbug 0 and 0: 964.9152455280051   Points recived : 2    Hexbug on Fire: True with multiplicator x2
Score: 25

Frame 23
Distance between hexbug 0 and 0: 976.6163987536378   Points recived : 2    Hexbug on Fire: True with multiplicator x2
Score: 27

Frame 24
Distance between hexbug 0 and 0: 999.6778380110834   Points recived : 2    Hexbug on Fire: True with multiplicator x2
Score: 29

Frame 25
Distance between hexbug 0 and 0: 1026.427798183615   Points recived : 2    Hexbug on Fire: True with multiplicator x2
Score: 31

Frame 26
Distance between hexbug 0 and 0: 1042.9635621918524   Points recived : 2    Hexbug on Fire: True with multiplicator x2
Score: 33

Frame 27
Distance between hexbug 0 and 0: 1081.9850064296145   Points recived : 2    Hexbug on Fire: True with multiplicator x2
Score: 35

Frame 28
Distance between hexbug 0 and 0: 1140.6263195335305   Points recived : 2    Hexbug on Fire: True with multiplicator x2
Score: 37

Frame 29
Distance between hexbug 0 and 0: 1202.9162027523357   Points recived : 2    Hexbug on Fire: True with multiplicator x2
Score: 39

Frame 30
Distance between hexbug 0 and 0: 1265.0738100457831   Points recived : 2    Hexbug on Fire: True with multiplicator x2
Score: 41

Frame 31
Distance between hexbug 0 and 0: 1324.9884487016627   Points recived : 2    Hexbug on Fire: True with multiplicator x2
Score: 43

Frame 32
Distance between hexbug 0 and 0: 1379.2258277244237   Points recived : 2    Hexbug on Fire: True with multiplicator x2
Score: 45

Frame 33
Distance between hexbug 0 and 0: 1431.260625010711   Points recived : 2    Hexbug on Fire: True with multiplicator x2
Score: 47

Frame 34
Distance between hexbug 0 and 0: 1400.7925867636104   Points recived : 2    Hexbug on Fire: True with multiplicator x2
Score: 49

Frame 35
Distance between hexbug 0 and 0: 1395.141818992125   Points recived : 2    Hexbug on Fire: True with multiplicator x2
Score: 51

Frame 36
Distance between hexbug 0 and 0: 1408.771838100119   Points recived : 2    Hexbug on Fire: True with multiplicator x2
Score: 53

Frame 37
Distance between hexbug 0 and 0: 1400.4089734084585   Points recived : 2    Hexbug on Fire: True with multiplicator x2
Score: 55

Frame 38
Distance between hexbug 0 and 0: 1400.3649971324649   Points recived : 2    Hexbug on Fire: True with multiplicator x2
Score: 57

Frame 39
Distance between hexbug 0 and 0: 1422.004173225159   Points recived : 2    Hexbug on Fire: True with multiplicator x2
Score: 59

Frame 40
Distance between hexbug 0 and 0: 1440.4706346669107   Points recived : 2    Hexbug on Fire: True with multiplicator x2
Score: 61

Frame 41
Distance between hexbug 0 and 0: 1414.4179063876284   Points recived : 3    Hexbug on Fire: True with multiplicator x3
Score: 64

Frame 42
Distance between hexbug 0 and 0: 1374.8810236973   Points recived : 3    Hexbug on Fire: True with multiplicator x3
Score: 67

Frame 43
Distance between hexbug 0 and 0: 1300.7405807917728   Points recived : 3    Hexbug on Fire: True with multiplicator x3
Score: 70

Frame 44
Distance between hexbug 0 and 0: 1263.64842990739   Points recived : 3    Hexbug on Fire: True with multiplicator x3
Score: 73

Frame 45
Distance between hexbug 0 and 0: 1265.6530207529363   Points recived : 3    Hexbug on Fire: True with multiplicator x3
Score: 76

Frame 46
Distance between hexbug 0 and 0: 1238.7206185607465   Points recived : 3    Hexbug on Fire: True with multiplicator x3
Score: 79

Frame 47
Distance between hexbug 0 and 0: 1192.2290345482263   Points recived : 3    Hexbug on Fire: True with multiplicator x3
Score: 82

Frame 48
Distance between hexbug 0 and 0: 1187.7892910304388   Points recived : 3    Hexbug on Fire: True with multiplicator x3
Score: 85

Frame 49
Distance between hexbug 0 and 0: 1169.5403266724568   Points recived : 3    Hexbug on Fire: True with multiplicator x3
Score: 88

Frame 50
Distance between hexbug 0 and 0: 1158.5001628914395   Points recived : 3    Hexbug on Fire: True with multiplicator x3
Score: 91

Frame 51
Distance between hexbug 0 and 0: 1147.7623874254446   Points recived : 3    Hexbug on Fire: True with multiplicator x3
Score: 94

Frame 52
Distance between hexbug 0 and 0: 1129.9748748578597   Points recived : 3    Hexbug on Fire: True with multiplicator x3
Score: 97

Frame 53
Distance between hexbug 0 and 0: 1109.929363763868   Points recived : 3    Hexbug on Fire: True with multiplicator x3
Score: 100

Frame 54
Distance between hexbug 0 and 0: 1090.2700012668624   Points recived : 3    Hexbug on Fire: True with multiplicator x3
Score: 103

Frame 55
Distance between hexbug 0 and 0: 1049.835168387002   Points recived : 3    Hexbug on Fire: True with multiplicator x3
Score: 106

Frame 56
Distance between hexbug 0 and 0: 1030.958635512638   Points recived : 3    Hexbug on Fire: True with multiplicator x3
Score: 109

Frame 57
Distance between hexbug 0 and 0: 972.349699837499   Points recived : 3    Hexbug on Fire: True with multiplicator x3
Score: 112

Frame 58
Distance between hexbug 0 and 0: 906.6828715066677   Points recived : 3    Hexbug on Fire: True with multiplicator x3
Score: 115

Frame 59
Distance between hexbug 0 and 0: 827.7674336615352   Points recived : 3    Hexbug on Fire: True with multiplicator x3
Score: 118

Frame 60
Distance between hexbug 0 and 0: 755.9425447181817   Points recived : 3    Hexbug on Fire: True with multiplicator x3
Score: 121

Frame 61
Distance between hexbug 0 and 0: 683.2967875409649   Points recived : 4    Hexbug on Fire: True with multiplicator x4
Score: 125

Frame 62
Distance between hexbug 0 and 0: 629.2312234393519   Points recived : 4    Hexbug on Fire: True with multiplicator x4
Score: 129

Frame 63
Distance between hexbug 0 and 0: 586.2799907023146   Points recived : 4    Hexbug on Fire: True with multiplicator x4
Score: 133

Frame 64
Distance between hexbug 0 and 0: 521.4083179548159   Points recived : 4    Hexbug on Fire: True with multiplicator x4
Score: 137

Frame 65
Distance between hexbug 0 and 0: 444.9993089662862   Points recived : 4    Hexbug on Fire: True with multiplicator x4
Score: 141

Frame 66
Distance between hexbug 0 and 0: 367.7028895188626   Points recived : 4    Hexbug on Fire: True with multiplicator x4
Score: 145

Frame 67
Distance between hexbug 0 and 0: 305.77933677451796   Points recived : 4    Hexbug on Fire: True with multiplicator x4
Score: 149

Frame 68
Distance between hexbug 0 and 0: 215.99026249783552   Points recived : 4    Hexbug on Fire: True with multiplicator x4
Score: 153

Frame 69
Distance between hexbug 0 and 0: 149.37207942567818   Points recived : 4    Hexbug on Fire: True with multiplicator x4
Score: 157

Frame 70
Distance between hexbug 0 and 0: 56.274776624166236   Points recived : 4    Hexbug on Fire: True with multiplicator x4
Score: 161

Frame 71
Distance between hexbug 0 and 0: 68.60325450228066   Points recived : 4    Hexbug on Fire: True with multiplicator x4
Score: 165

Frame 72
Distance between hexbug 0 and 0: 151.1764255654339   Points recived : 4    Hexbug on Fire: True with multiplicator x4
Score: 169

Frame 73
Distance between hexbug 0 and 0: 223.71903132415602   Points recived : 4    Hexbug on Fire: True with multiplicator x4
Score: 173

Frame 74
Distance between hexbug 0 and 0: 250.96712813939035   Points recived : 4    Hexbug on Fire: True with multiplicator x4
Score: 177

Frame 75
Distance between hexbug 0 and 0: 318.2481061044873   Points recived : 4    Hexbug on Fire: True with multiplicator x4
Score: 181

Frame 76
Distance between hexbug 0 and 0: 429.7105349078792   Points recived : 4    Hexbug on Fire: True with multiplicator x4
Score: 185

Frame 77
Distance between hexbug 0 and 0: 550.7252942626991   Points recived : 4    Hexbug on Fire: True with multiplicator x4
Score: 189

Frame 78
Distance between hexbug 0 and 0: 640.3880839678986   Points recived : 4    Hexbug on Fire: True with multiplicator x4
Score: 193

Frame 79
Distance between hexbug 0 and 0: 758.7977309962407   Points recived : 4    Hexbug on Fire: True with multiplicator x4
Score: 197

Frame 80
Distance between hexbug 0 and 0: 861.7442673930481   Points recived : 4    Hexbug on Fire: True with multiplicator x4
Score: 201

Frame 81
Distance between hexbug 0 and 0: 963.1699819716044   Points recived : 4    Hexbug on Fire: True with multiplicator x4
Score: 205

Frame 82
Distance between hexbug 0 and 0: 1058.808725352875   Points recived : 4    Hexbug on Fire: True with multiplicator x4
Score: 209

Frame 83
Distance between hexbug 0 and 0: 1145.0142063086726   Points recived : 4    Hexbug on Fire: True with multiplicator x4
Score: 213

Frame 84
Distance between hexbug 0 and 0: 1205.0112642525992   Points recived : 4    Hexbug on Fire: True with multiplicator x4
Score: 217

Frame 85
Distance between hexbug 0 and 0: 1207.2891882927165   Points recived : 4    Hexbug on Fire: True with multiplicator x4
Score: 221

Frame 86
Distance between hexbug 0 and 0: 1341.9872458079035   Points recived : 4    Hexbug on Fire: True with multiplicator x4
Score: 225

Frame 87
Distance between hexbug 0 and 0: 1345.3988485426817   Points recived : 4    Hexbug on Fire: True with multiplicator x4
Score: 229

Frame 88
Distance between hexbug 0 and 0: 1376.3577121873757   Points recived : 4    Hexbug on Fire: True with multiplicator x4
Score: 233

Frame 89
Distance between hexbug 0 and 0: 1261.5216112630083   Points recived : 4    Hexbug on Fire: True with multiplicator x4
Score: 237

Frame 90
Distance between hexbug 0 and 0: 1241.6497712221874   Points recived : 4    Hexbug on Fire: True with multiplicator x4
Score: 241

Frame 91
Distance between hexbug 0 and 0: 1247.860506426553   Points recived : 4    Hexbug on Fire: True with multiplicator x4
Score: 245

Frame 92
Distance between hexbug 0 and 0: 1205.6484216796691   Points recived : 4    Hexbug on Fire: True with multiplicator x4
Score: 249

Frame 93
Distance between hexbug 0 and 0: 1165.1233482388482   Points recived : 4    Hexbug on Fire: True with multiplicator x4
Score: 253

Frame 94
Distance between hexbug 0 and 0: 1151.4483256632197   Points recived : 4    Hexbug on Fire: True with multiplicator x4
Score: 257

Frame 95
Distance between hexbug 0 and 0: 1128.0665024961652   Points recived : 4    Hexbug on Fire: True with multiplicator x4
Score: 261

Frame 96
Distance between hexbug 0 and 0: 1130.116027210883   Points recived : 4    Hexbug on Fire: True with multiplicator x4
Score: 265

Frame 97
Distance between hexbug 0 and 0: 1126.8892680398226   Points recived : 4    Hexbug on Fire: True with multiplicator x4
Score: 269

Frame 98
Distance between hexbug 0 and 0: 1115.220658089995   Points recived : 4    Hexbug on Fire: True with multiplicator x4
Score: 273

Frame 99
Distance between hexbug 0 and 0: 1108.6079207631715   Points recived : 4    Hexbug on Fire: True with multiplicator x4
Score: 277

Frame 100
Distance between hexbug 0 and 0: 1069.7845351133847   Points recived : 4    Hexbug on Fire: True with multiplicator x4
Score: 281


Final score: 281
Frame 0

Final score: 0
